# JRE version: Java(TM) SE Runtime Environment (8.0_241-b07) (build 1.8.0_241-b07)
# Java VM: Java HotSpot(TM) 64-Bit Server VM (25.241-b07 mixed mode windows-amd64 compressed oops)
Heap:
 PSYoungGen      total 136192K, used 107579K [0x00000000d6200000, 0x00000000e1880000, 0x0000000100000000)
  eden space 127488K, 84% used [0x00000000d6200000,0x00000000dcb0ed88,0x00000000dde80000)
  from space 8704K, 0% used [0x00000000dde80000,0x00000000dde80000,0x00000000de700000)
  to   space 12800K, 0% used [0x00000000e0c00000,0x00000000e0c00000,0x00000000e1880000)
 ParOldGen       total 96256K, used 16951K [0x0000000082600000, 0x0000000088400000, 0x00000000d6200000)
  object space 96256K, 17% used [0x0000000082600000,0x000000008368df10,0x0000000088400000)
 Metaspace       used 38256K, capacity 39954K, committed 40104K, reserved 1083392K
  class space    used 4914K, capacity 5239K, committed 5288K, reserved 1048576K
GC Heap History (10 events):
Event: 3.351 GC heap before
{Heap before GC invocations=7 (full 1):
 PSYoungGen      total 70656K, used 65536K [0x00000000d6200000, 0x00000000df300000, 0x0000000100000000)
  eden space 65536K, 100% used [0x00000000d6200000,0x00000000da200000,0x00000000da200000)
  from space 5120K, 0% used [0x00000000da200000,0x00000000da200000,0x00000000da700000)
  to   space 8704K, 0% used [0x00000000dea80000,0x00000000dea80000,0x00000000df300000)
 ParOldGen       total 57344K, used 6376K [0x0000000082600000, 0x0000000085e00000, 0x00000000d6200000)
  object space 57344K, 11% used [0x0000000082600000,0x0000000082c3a2e0,0x0000000085e00000)
 Metaspace       used 24864K, capacity 25748K, committed 26032K, reserved 1071104K
  class space    used 3221K, capacity 3450K, committed 3504K, reserved 1048576K
Event: 3.356 GC heap after
Heap after GC invocations=7 (full 1):
 PSYoungGen      total 102912K, used 5010K [0x00000000d6200000, 0x00000000def80000, 0x0000000100000000)
  eden space 97792K, 0% used [0x00000000d6200000,0x00000000d6200000,0x00000000dc180000)
  from space 5120K, 97% used [0x00000000dea80000,0x00000000def64af8,0x00000000def80000)
  to   space 8704K, 0% used [0x00000000dde80000,0x00000000dde80000,0x00000000de700000)
 ParOldGen       total 57344K, used 6384K [0x0000000082600000, 0x0000000085e00000, 0x00000000d6200000)
  object space 57344K, 11% used [0x0000000082600000,0x0000000082c3c2e0,0x0000000085e00000)
 Metaspace       used 24864K, capacity 25748K, committed 26032K, reserved 1071104K
  class space    used 3221K, capacity 3450K, committed 3504K, reserved 1048576K
}
Event: 3.812 GC heap before
{Heap before GC invocations=8 (full 1):
 PSYoungGen      total 102912K, used 102802K [0x00000000d6200000, 0x00000000def80000, 0x0000000100000000)
  eden space 97792K, 100% used [0x00000000d6200000,0x00000000dc180000,0x00000000dc180000)
  from space 5120K, 97% used [0x00000000dea80000,0x00000000def64af8,0x00000000def80000)
  to   space 8704K, 0% used [0x00000000dde80000,0x00000000dde80000,0x00000000de700000)
 ParOldGen       total 57344K, used 6384K [0x0000000082600000, 0x0000000085e00000, 0x00000000d6200000)
  object space 57344K, 11% used [0x0000000082600000,0x0000000082c3c2e0,0x0000000085e00000)
 Metaspace       used 26900K, capacity 27930K, committed 28080K, reserved 1073152K
  class space    used 3478K, capacity 3715K, committed 3760K, reserved 1048576K
Event: 3.822 GC heap after
Heap after GC invocations=8 (full 1):
 PSYoungGen      total 136192K, used 6132K [0x00000000d6200000, 0x00000000e0100000, 0x0000000100000000)
  eden space 127488K, 0% used [0x00000000d6200000,0x00000000d6200000,0x00000000dde80000)
  from space 8704K, 70% used [0x00000000dde80000,0x00000000de47d228,0x00000000de700000)
  to   space 8192K, 0% used [0x00000000df900000,0x00000000df900000,0x00000000e0100000)
 ParOldGen       total 57344K, used 6392K [0x0000000082600000, 0x0000000085e00000, 0x00000000d6200000)
  object space 57344K, 11% used [0x0000000082600000,0x0000000082c3e2e0,0x0000000085e00000)
 Metaspace       used 26900K, capacity 27930K, committed 28080K, reserved 1073152K
  class space    used 3478K, capacity 3715K, committed 3760K, reserved 1048576K
}
Event: 4.881 GC heap before
{Heap before GC invocations=9 (full 1):
 PSYoungGen      total 136192K, used 133620K [0x00000000d6200000, 0x00000000e0100000, 0x0000000100000000)
  eden space 127488K, 100% used [0x00000000d6200000,0x00000000dde80000,0x00000000dde80000)
  from space 8704K, 70% used [0x00000000dde80000,0x00000000de47d228,0x00000000de700000)
  to   space 8192K, 0% used [0x00000000df900000,0x00000000df900000,0x00000000e0100000)
 ParOldGen       total 57344K, used 6392K [0x0000000082600000, 0x0000000085e00000, 0x00000000d6200000)
  object space 57344K, 11% used [0x0000000082600000,0x0000000082c3e2e0,0x0000000085e00000)
 Metaspace       used 32336K, capacity 33920K, committed 33968K, reserved 1079296K
  class space    used 4215K, capacity 4516K, committed 4528K, reserved 1048576K
Event: 4.890 GC heap after
Heap after GC invocations=9 (full 1):
 PSYoungGen      total 135680K, used 8180K [0x00000000d6200000, 0x00000000e0100000, 0x0000000100000000)
  eden space 127488K, 0% used [0x00000000d6200000,0x00000000d6200000,0x00000000dde80000)
  from space 8192K, 99% used [0x00000000df900000,0x00000000e00fd348,0x00000000e0100000)
  to   space 8704K, 0% used [0x00000000dde80000,0x00000000dde80000,0x00000000de700000)
 ParOldGen       total 57344K, used 10605K [0x0000000082600000, 0x0000000085e00000, 0x00000000d6200000)
  object space 57344K, 18% used [0x0000000082600000,0x000000008305b558,0x0000000085e00000)
 Metaspace       used 32336K, capacity 33920K, committed 33968K, reserved 1079296K
  class space    used 4215K, capacity 4516K, committed 4528K, reserved 1048576K
}
Event: 5.542 GC heap before
{Heap before GC invocations=10 (full 1):
 PSYoungGen      total 135680K, used 27874K [0x00000000d6200000, 0x00000000e0100000, 0x0000000100000000)
  eden space 127488K, 15% used [0x00000000d6200000,0x00000000d753b5f0,0x00000000dde80000)
  from space 8192K, 99% used [0x00000000df900000,0x00000000e00fd348,0x00000000e0100000)
  to   space 8704K, 0% used [0x00000000dde80000,0x00000000dde80000,0x00000000de700000)
 ParOldGen       total 57344K, used 10605K [0x0000000082600000, 0x0000000085e00000, 0x00000000d6200000)
  object space 57344K, 18% used [0x0000000082600000,0x000000008305b558,0x0000000085e00000)
 Metaspace       used 33760K, capacity 35356K, committed 35496K, reserved 1079296K
  class space    used 4403K, capacity 4686K, committed 4776K, reserved 1048576K
Event: 5.550 GC heap after
Heap after GC invocations=10 (full 1):
 PSYoungGen      total 136192K, used 8672K [0x00000000d6200000, 0x00000000e1880000, 0x0000000100000000)
  eden space 127488K, 0% used [0x00000000d6200000,0x00000000d6200000,0x00000000dde80000)
  from space 8704K, 99% used [0x00000000dde80000,0x00000000de6f8338,0x00000000de700000)
  to   space 12800K, 0% used [0x00000000e0c00000,0x00000000e0c00000,0x00000000e1880000)
 ParOldGen       total 57344K, used 13687K [0x0000000082600000, 0x0000000085e00000, 0x00000000d6200000)
  object space 57344K, 23% used [0x0000000082600000,0x000000008335dcb8,0x0000000085e00000)
 Metaspace       used 33760K, capacity 35356K, committed 35496K, reserved 1079296K
  class space    used 4403K, capacity 4686K, committed 4776K, reserved 1048576K
}
Event: 5.550 GC heap before
{Heap before GC invocations=11 (full 2):
 PSYoungGen      total 136192K, used 8672K [0x00000000d6200000, 0x00000000e1880000, 0x0000000100000000)
  eden space 127488K, 0% used [0x00000000d6200000,0x00000000d6200000,0x00000000dde80000)
  from space 8704K, 99% used [0x00000000dde80000,0x00000000de6f8338,0x00000000de700000)
  to   space 12800K, 0% used [0x00000000e0c00000,0x00000000e0c00000,0x00000000e1880000)
 ParOldGen       total 57344K, used 13687K [0x0000000082600000, 0x0000000085e00000, 0x00000000d6200000)
  object space 57344K, 23% used [0x0000000082600000,0x000000008335dcb8,0x0000000085e00000)
 Metaspace       used 33760K, capacity 35356K, committed 35496K, reserved 1079296K
  class space    used 4403K, capacity 4686K, committed 4776K, reserved 1048576K
Event: 5.609 GC heap after
Heap after GC invocations=11 (full 2):
 PSYoungGen      total 136192K, used 0K [0x00000000d6200000, 0x00000000e1880000, 0x0000000100000000)
  eden space 127488K, 0% used [0x00000000d6200000,0x00000000d6200000,0x00000000dde80000)
  from space 8704K, 0% used [0x00000000dde80000,0x00000000dde80000,0x00000000de700000)
  to   space 12800K, 0% used [0x00000000e0c00000,0x00000000e0c00000,0x00000000e1880000)
 ParOldGen       total 96256K, used 16951K [0x0000000082600000, 0x0000000088400000, 0x00000000d6200000)
  object space 96256K, 17% used [0x0000000082600000,0x000000008368df10,0x0000000088400000)
 Metaspace       used 33760K, capacity 35356K, committed 35496K, reserved 1079296K
  class space    used 4403K, capacity 4686K, committed 4776K, reserved 1048576K
}

