# JRE version: Java(TM) SE Runtime Environment (8.0_241-b07) (build 1.8.0_241-b07)
# Java VM: Java HotSpot(TM) 64-Bit Server VM (25.241-b07 mixed mode windows-amd64 compressed oops)
Heap:
 PSYoungGen      total 171520K, used 67714K [0x00000000d6200000, 0x00000000e1680000, 0x0000000100000000)
  eden space 158208K, 34% used [0x00000000d6200000,0x00000000d9728028,0x00000000dfc80000)
  from space 13312K, 99% used [0x00000000dfc80000,0x00000000e0978b10,0x00000000e0980000)
  to   space 12288K, 0% used [0x00000000e0a80000,0x00000000e0a80000,0x00000000e1680000)
 ParOldGen       total 57344K, used 21143K [0x0000000082600000, 0x0000000085e00000, 0x00000000d6200000)
  object space 57344K, 36% used [0x0000000082600000,0x0000000083aa5fd8,0x0000000085e00000)
 Metaspace       used 55180K, capacity 57130K, committed 57432K, reserved 1099776K
  class space    used 7425K, capacity 7795K, committed 7808K, reserved 1048576K
GC Heap History (10 events):
Event: 4.821 GC heap before
{Heap before GC invocations=9 (full 1):
 PSYoungGen      total 136192K, used 133496K [0x00000000d6200000, 0x00000000dfc80000, 0x0000000100000000)
  eden space 127488K, 100% used [0x00000000d6200000,0x00000000dde80000,0x00000000dde80000)
  from space 8704K, 69% used [0x00000000dde80000,0x00000000de45e178,0x00000000de700000)
  to   space 8192K, 0% used [0x00000000df480000,0x00000000df480000,0x00000000dfc80000)
 ParOldGen       total 57344K, used 6356K [0x0000000082600000, 0x0000000085e00000, 0x00000000d6200000)
  object space 57344K, 11% used [0x0000000082600000,0x0000000082c351c0,0x0000000085e00000)
 Metaspace       used 32287K, capacity 33826K, committed 34048K, reserved 1079296K
  class space    used 4203K, capacity 4509K, committed 4608K, reserved 1048576K
Event: 4.832 GC heap after
Heap after GC invocations=9 (full 1):
 PSYoungGen      total 135680K, used 8180K [0x00000000d6200000, 0x00000000dfc80000, 0x0000000100000000)
  eden space 127488K, 0% used [0x00000000d6200000,0x00000000d6200000,0x00000000dde80000)
  from space 8192K, 99% used [0x00000000df480000,0x00000000dfc7d348,0x00000000dfc80000)
  to   space 8704K, 0% used [0x00000000dde80000,0x00000000dde80000,0x00000000de700000)
 ParOldGen       total 57344K, used 10522K [0x0000000082600000, 0x0000000085e00000, 0x00000000d6200000)
  object space 57344K, 18% used [0x0000000082600000,0x0000000083046850,0x0000000085e00000)
 Metaspace       used 32287K, capacity 33826K, committed 34048K, reserved 1079296K
  class space    used 4203K, capacity 4509K, committed 4608K, reserved 1048576K
}
Event: 5.467 GC heap before
{Heap before GC invocations=10 (full 1):
 PSYoungGen      total 135680K, used 30302K [0x00000000d6200000, 0x00000000dfc80000, 0x0000000100000000)
  eden space 127488K, 17% used [0x00000000d6200000,0x00000000d779a790,0x00000000dde80000)
  from space 8192K, 99% used [0x00000000df480000,0x00000000dfc7d348,0x00000000dfc80000)
  to   space 8704K, 0% used [0x00000000dde80000,0x00000000dde80000,0x00000000de700000)
 ParOldGen       total 57344K, used 10522K [0x0000000082600000, 0x0000000085e00000, 0x00000000d6200000)
  object space 57344K, 18% used [0x0000000082600000,0x0000000083046850,0x0000000085e00000)
 Metaspace       used 33762K, capacity 35360K, committed 35416K, reserved 1079296K
  class space    used 4399K, capacity 4686K, committed 4736K, reserved 1048576K
Event: 5.475 GC heap after
Heap after GC invocations=10 (full 1):
 PSYoungGen      total 136192K, used 8678K [0x00000000d6200000, 0x00000000e1700000, 0x0000000100000000)
  eden space 127488K, 0% used [0x00000000d6200000,0x00000000d6200000,0x00000000dde80000)
  from space 8704K, 99% used [0x00000000dde80000,0x00000000de6f9b58,0x00000000de700000)
  to   space 12800K, 0% used [0x00000000e0a80000,0x00000000e0a80000,0x00000000e1700000)
 ParOldGen       total 57344K, used 13683K [0x0000000082600000, 0x0000000085e00000, 0x00000000d6200000)
  object space 57344K, 23% used [0x0000000082600000,0x000000008335cd78,0x0000000085e00000)
 Metaspace       used 33762K, capacity 35360K, committed 35416K, reserved 1079296K
  class space    used 4399K, capacity 4686K, committed 4736K, reserved 1048576K
}
Event: 5.475 GC heap before
{Heap before GC invocations=11 (full 2):
 PSYoungGen      total 136192K, used 8678K [0x00000000d6200000, 0x00000000e1700000, 0x0000000100000000)
  eden space 127488K, 0% used [0x00000000d6200000,0x00000000d6200000,0x00000000dde80000)
  from space 8704K, 99% used [0x00000000dde80000,0x00000000de6f9b58,0x00000000de700000)
  to   space 12800K, 0% used [0x00000000e0a80000,0x00000000e0a80000,0x00000000e1700000)
 ParOldGen       total 57344K, used 13683K [0x0000000082600000, 0x0000000085e00000, 0x00000000d6200000)
  object space 57344K, 23% used [0x0000000082600000,0x000000008335cd78,0x0000000085e00000)
 Metaspace       used 33762K, capacity 35360K, committed 35416K, reserved 1079296K
  class space    used 4399K, capacity 4686K, committed 4736K, reserved 1048576K
Event: 5.537 GC heap after
Heap after GC invocations=11 (full 2):
 PSYoungGen      total 136192K, used 0K [0x00000000d6200000, 0x00000000e1700000, 0x0000000100000000)
  eden space 127488K, 0% used [0x00000000d6200000,0x00000000d6200000,0x00000000dde80000)
  from space 8704K, 0% used [0x00000000dde80000,0x00000000dde80000,0x00000000de700000)
  to   space 12800K, 0% used [0x00000000e0a80000,0x00000000e0a80000,0x00000000e1700000)
 ParOldGen       total 57344K, used 16976K [0x0000000082600000, 0x0000000085e00000, 0x00000000d6200000)
  object space 57344K, 29% used [0x0000000082600000,0x0000000083694140,0x0000000085e00000)
 Metaspace       used 33762K, capacity 35360K, committed 35416K, reserved 1079296K
  class space    used 4399K, capacity 4686K, committed 4736K, reserved 1048576K
}
Event: 6.850 GC heap before
{Heap before GC invocations=12 (full 2):
 PSYoungGen      total 136192K, used 127488K [0x00000000d6200000, 0x00000000e1700000, 0x0000000100000000)
  eden space 127488K, 100% used [0x00000000d6200000,0x00000000dde80000,0x00000000dde80000)
  from space 8704K, 0% used [0x00000000dde80000,0x00000000dde80000,0x00000000de700000)
  to   space 12800K, 0% used [0x00000000e0a80000,0x00000000e0a80000,0x00000000e1700000)
 ParOldGen       total 57344K, used 16976K [0x0000000082600000, 0x0000000085e00000, 0x00000000d6200000)
  object space 57344K, 29% used [0x0000000082600000,0x0000000083694140,0x0000000085e00000)
 Metaspace       used 41118K, capacity 42884K, committed 43224K, reserved 1087488K
  class space    used 5208K, capacity 5542K, committed 5632K, reserved 1048576K
Event: 6.859 GC heap after
Heap after GC invocations=12 (full 2):
 PSYoungGen      total 170496K, used 10225K [0x00000000d6200000, 0x00000000e1680000, 0x0000000100000000)
  eden space 158208K, 0% used [0x00000000d6200000,0x00000000d6200000,0x00000000dfc80000)
  from space 12288K, 83% used [0x00000000e0a80000,0x00000000e147c428,0x00000000e1680000)
  to   space 13312K, 0% used [0x00000000dfc80000,0x00000000dfc80000,0x00000000e0980000)
 ParOldGen       total 57344K, used 16984K [0x0000000082600000, 0x0000000085e00000, 0x00000000d6200000)
  object space 57344K, 29% used [0x0000000082600000,0x0000000083696140,0x0000000085e00000)
 Metaspace       used 41118K, capacity 42884K, committed 43224K, reserved 1087488K
  class space    used 5208K, capacity 5542K, committed 5632K, reserved 1048576K
}
Event: 8.089 GC heap before
{Heap before GC invocations=13 (full 2):
 PSYoungGen      total 170496K, used 168433K [0x00000000d6200000, 0x00000000e1680000, 0x0000000100000000)
  eden space 158208K, 100% used [0x00000000d6200000,0x00000000dfc80000,0x00000000dfc80000)
  from space 12288K, 83% used [0x00000000e0a80000,0x00000000e147c428,0x00000000e1680000)
  to   space 13312K, 0% used [0x00000000dfc80000,0x00000000dfc80000,0x00000000e0980000)
 ParOldGen       total 57344K, used 16984K [0x0000000082600000, 0x0000000085e00000, 0x00000000d6200000)
  object space 57344K, 29% used [0x0000000082600000,0x0000000083696140,0x0000000085e00000)
 Metaspace       used 52213K, capacity 54128K, committed 54360K, reserved 1095680K
  class space    used 6898K, capacity 7234K, committed 7296K, reserved 1048576K
Event: 8.104 GC heap after
Heap after GC invocations=13 (full 2):
 PSYoungGen      total 171520K, used 13282K [0x00000000d6200000, 0x00000000e1680000, 0x0000000100000000)
  eden space 158208K, 0% used [0x00000000d6200000,0x00000000d6200000,0x00000000dfc80000)
  from space 13312K, 99% used [0x00000000dfc80000,0x00000000e0978b10,0x00000000e0980000)
  to   space 12288K, 0% used [0x00000000e0a80000,0x00000000e0a80000,0x00000000e1680000)
 ParOldGen       total 57344K, used 21143K [0x0000000082600000, 0x0000000085e00000, 0x00000000d6200000)
  object space 57344K, 36% used [0x0000000082600000,0x0000000083aa5fd8,0x0000000085e00000)
 Metaspace       used 52213K, capacity 54128K, committed 54360K, reserved 1095680K
  class space    used 6898K, capacity 7234K, committed 7296K, reserved 1048576K
}

