# JRE version: Java(TM) SE Runtime Environment (8.0_241-b07) (build 1.8.0_241-b07)
# Java VM: Java HotSpot(TM) 64-Bit Server VM (25.241-b07 mixed mode windows-amd64 compressed oops)
Heap:
 PSYoungGen      total 185344K, used 53971K [0x00000000d6200000, 0x00000000e2880000, 0x0000000100000000)
  eden space 174080K, 24% used [0x00000000d6200000,0x00000000d8bfbc68,0x00000000e0c00000)
  from space 11264K, 97% used [0x00000000e1d80000,0x00000000e2838fb8,0x00000000e2880000)
  to   space 13824K, 0% used [0x00000000e0d80000,0x00000000e0d80000,0x00000000e1b00000)
 ParOldGen       total 97280K, used 17434K [0x0000000082600000, 0x0000000088500000, 0x00000000d6200000)
  object space 97280K, 17% used [0x0000000082600000,0x0000000083706810,0x0000000088500000)
 Metaspace       used 45106K, capacity 46922K, committed 47192K, reserved 1089536K
  class space    used 5821K, capacity 6171K, committed 6272K, reserved 1048576K
GC Heap History (10 events):
Event: 3.821 GC heap before
{Heap before GC invocations=8 (full 1):
 PSYoungGen      total 102912K, used 102691K [0x00000000d6200000, 0x00000000def80000, 0x0000000100000000)
  eden space 97792K, 100% used [0x00000000d6200000,0x00000000dc180000,0x00000000dc180000)
  from space 5120K, 95% used [0x00000000dea80000,0x00000000def48f90,0x00000000def80000)
  to   space 8704K, 0% used [0x00000000dde80000,0x00000000dde80000,0x00000000de700000)
 ParOldGen       total 56832K, used 6399K [0x0000000082600000, 0x0000000085d80000, 0x00000000d6200000)
  object space 56832K, 11% used [0x0000000082600000,0x0000000082c3fc50,0x0000000085d80000)
 Metaspace       used 26917K, capacity 27936K, committed 28160K, reserved 1073152K
  class space    used 3474K, capacity 3716K, committed 3840K, reserved 1048576K
Event: 3.827 GC heap after
Heap after GC invocations=8 (full 1):
 PSYoungGen      total 136192K, used 6093K [0x00000000d6200000, 0x00000000dff00000, 0x0000000100000000)
  eden space 127488K, 0% used [0x00000000d6200000,0x00000000d6200000,0x00000000dde80000)
  from space 8704K, 70% used [0x00000000dde80000,0x00000000de473558,0x00000000de700000)
  to   space 8192K, 0% used [0x00000000df700000,0x00000000df700000,0x00000000dff00000)
 ParOldGen       total 56832K, used 6407K [0x0000000082600000, 0x0000000085d80000, 0x00000000d6200000)
  object space 56832K, 11% used [0x0000000082600000,0x0000000082c41c50,0x0000000085d80000)
 Metaspace       used 26917K, capacity 27936K, committed 28160K, reserved 1073152K
  class space    used 3474K, capacity 3716K, committed 3840K, reserved 1048576K
}
Event: 4.901 GC heap before
{Heap before GC invocations=9 (full 1):
 PSYoungGen      total 136192K, used 133581K [0x00000000d6200000, 0x00000000dff00000, 0x0000000100000000)
  eden space 127488K, 100% used [0x00000000d6200000,0x00000000dde80000,0x00000000dde80000)
  from space 8704K, 70% used [0x00000000dde80000,0x00000000de473558,0x00000000de700000)
  to   space 8192K, 0% used [0x00000000df700000,0x00000000df700000,0x00000000dff00000)
 ParOldGen       total 56832K, used 6407K [0x0000000082600000, 0x0000000085d80000, 0x00000000d6200000)
  object space 56832K, 11% used [0x0000000082600000,0x0000000082c41c50,0x0000000085d80000)
 Metaspace       used 32315K, capacity 33924K, committed 34048K, reserved 1079296K
  class space    used 4206K, capacity 4516K, committed 4608K, reserved 1048576K
Event: 4.911 GC heap after
Heap after GC invocations=9 (full 1):
 PSYoungGen      total 150016K, used 8160K [0x00000000d6200000, 0x00000000e2a80000, 0x0000000100000000)
  eden space 141824K, 0% used [0x00000000d6200000,0x00000000d6200000,0x00000000dec80000)
  from space 8192K, 99% used [0x00000000df700000,0x00000000dfef8338,0x00000000dff00000)
  to   space 10752K, 0% used [0x00000000dec80000,0x00000000dec80000,0x00000000df700000)
 ParOldGen       total 56832K, used 10548K [0x0000000082600000, 0x0000000085d80000, 0x00000000d6200000)
  object space 56832K, 18% used [0x0000000082600000,0x000000008304d288,0x0000000085d80000)
 Metaspace       used 32315K, capacity 33924K, committed 34048K, reserved 1079296K
  class space    used 4206K, capacity 4516K, committed 4608K, reserved 1048576K
}
Event: 5.535 GC heap before
{Heap before GC invocations=10 (full 1):
 PSYoungGen      total 150016K, used 28108K [0x00000000d6200000, 0x00000000e2a80000, 0x0000000100000000)
  eden space 141824K, 14% used [0x00000000d6200000,0x00000000d757ae80,0x00000000dec80000)
  from space 8192K, 99% used [0x00000000df700000,0x00000000dfef8338,0x00000000dff00000)
  to   space 10752K, 0% used [0x00000000dec80000,0x00000000dec80000,0x00000000df700000)
 ParOldGen       total 56832K, used 10548K [0x0000000082600000, 0x0000000085d80000, 0x00000000d6200000)
  object space 56832K, 18% used [0x0000000082600000,0x000000008304d288,0x0000000085d80000)
 Metaspace       used 33823K, capacity 35388K, committed 35416K, reserved 1079296K
  class space    used 4411K, capacity 4718K, committed 4736K, reserved 1048576K
Event: 5.543 GC heap after
Heap after GC invocations=10 (full 1):
 PSYoungGen      total 152576K, used 10726K [0x00000000d6200000, 0x00000000e2a00000, 0x0000000100000000)
  eden space 141824K, 0% used [0x00000000d6200000,0x00000000d6200000,0x00000000dec80000)
  from space 10752K, 99% used [0x00000000dec80000,0x00000000df6f9828,0x00000000df700000)
  to   space 12800K, 0% used [0x00000000e1d80000,0x00000000e1d80000,0x00000000e2a00000)
 ParOldGen       total 56832K, used 12092K [0x0000000082600000, 0x0000000085d80000, 0x00000000d6200000)
  object space 56832K, 21% used [0x0000000082600000,0x00000000831cf220,0x0000000085d80000)
 Metaspace       used 33823K, capacity 35388K, committed 35416K, reserved 1079296K
  class space    used 4411K, capacity 4718K, committed 4736K, reserved 1048576K
}
Event: 5.543 GC heap before
{Heap before GC invocations=11 (full 2):
 PSYoungGen      total 152576K, used 10726K [0x00000000d6200000, 0x00000000e2a00000, 0x0000000100000000)
  eden space 141824K, 0% used [0x00000000d6200000,0x00000000d6200000,0x00000000dec80000)
  from space 10752K, 99% used [0x00000000dec80000,0x00000000df6f9828,0x00000000df700000)
  to   space 12800K, 0% used [0x00000000e1d80000,0x00000000e1d80000,0x00000000e2a00000)
 ParOldGen       total 56832K, used 12092K [0x0000000082600000, 0x0000000085d80000, 0x00000000d6200000)
  object space 56832K, 21% used [0x0000000082600000,0x00000000831cf220,0x0000000085d80000)
 Metaspace       used 33823K, capacity 35388K, committed 35416K, reserved 1079296K
  class space    used 4411K, capacity 4718K, committed 4736K, reserved 1048576K
Event: 5.620 GC heap after
Heap after GC invocations=11 (full 2):
 PSYoungGen      total 152576K, used 0K [0x00000000d6200000, 0x00000000e2a00000, 0x0000000100000000)
  eden space 141824K, 0% used [0x00000000d6200000,0x00000000d6200000,0x00000000dec80000)
  from space 10752K, 0% used [0x00000000dec80000,0x00000000dec80000,0x00000000df700000)
  to   space 12800K, 0% used [0x00000000e1d80000,0x00000000e1d80000,0x00000000e2a00000)
 ParOldGen       total 97280K, used 17426K [0x0000000082600000, 0x0000000088500000, 0x00000000d6200000)
  object space 97280K, 17% used [0x0000000082600000,0x0000000083704810,0x0000000088500000)
 Metaspace       used 33823K, capacity 35388K, committed 35416K, reserved 1079296K
  class space    used 4411K, capacity 4718K, committed 4736K, reserved 1048576K
}
Event: 7.504 GC heap before
{Heap before GC invocations=12 (full 2):
 PSYoungGen      total 152576K, used 141824K [0x00000000d6200000, 0x00000000e2a00000, 0x0000000100000000)
  eden space 141824K, 100% used [0x00000000d6200000,0x00000000dec80000,0x00000000dec80000)
  from space 10752K, 0% used [0x00000000dec80000,0x00000000dec80000,0x00000000df700000)
  to   space 12800K, 0% used [0x00000000e1d80000,0x00000000e1d80000,0x00000000e2a00000)
 ParOldGen       total 97280K, used 17426K [0x0000000082600000, 0x0000000088500000, 0x00000000d6200000)
  object space 97280K, 17% used [0x0000000082600000,0x0000000083704810,0x0000000088500000)
 Metaspace       used 42715K, capacity 44446K, committed 44632K, reserved 1087488K
  class space    used 5388K, capacity 5715K, committed 5760K, reserved 1048576K
Event: 7.516 GC heap after
Heap after GC invocations=12 (full 2):
 PSYoungGen      total 185344K, used 10979K [0x00000000d6200000, 0x00000000e2880000, 0x0000000100000000)
  eden space 174080K, 0% used [0x00000000d6200000,0x00000000d6200000,0x00000000e0c00000)
  from space 11264K, 97% used [0x00000000e1d80000,0x00000000e2838fb8,0x00000000e2880000)
  to   space 13824K, 0% used [0x00000000e0d80000,0x00000000e0d80000,0x00000000e1b00000)
 ParOldGen       total 97280K, used 17434K [0x0000000082600000, 0x0000000088500000, 0x00000000d6200000)
  object space 97280K, 17% used [0x0000000082600000,0x0000000083706810,0x0000000088500000)
 Metaspace       used 42715K, capacity 44446K, committed 44632K, reserved 1087488K
  class space    used 5388K, capacity 5715K, committed 5760K, reserved 1048576K
}

