# JRE version: Java(TM) SE Runtime Environment (8.0_241-b07) (build 1.8.0_241-b07)
# Java VM: Java HotSpot(TM) 64-Bit Server VM (25.241-b07 mixed mode windows-amd64 compressed oops)
Heap:
 PSYoungGen      total 166400K, used 11539K [0x00000000d6200000, 0x00000000e3600000, 0x0000000100000000)
  eden space 157696K, 1% used [0x00000000d6200000,0x00000000d64c7bc0,0x00000000dfc00000)
  from space 8704K, 99% used [0x00000000e0700000,0x00000000e0f7d348,0x00000000e0f80000)
  to   space 11264K, 0% used [0x00000000dfc00000,0x00000000dfc00000,0x00000000e0700000)
 ParOldGen       total 54272K, used 10294K [0x0000000082600000, 0x0000000085b00000, 0x00000000d6200000)
  object space 54272K, 18% used [0x0000000082600000,0x000000008300d8d0,0x0000000085b00000)
 Metaspace       used 32659K, capacity 34268K, committed 34560K, reserved 1079296K
  class space    used 4255K, capacity 4558K, committed 4608K, reserved 1048576K
GC Heap History (10 events):
Event: 1.894 GC heap before
{Heap before GC invocations=5 (full 0):
 PSYoungGen      total 70656K, used 22167K [0x00000000d6200000, 0x00000000dac00000, 0x0000000100000000)
  eden space 65536K, 26% used [0x00000000d6200000,0x00000000d72ad990,0x00000000da200000)
  from space 5120K, 99% used [0x00000000da700000,0x00000000dabf84f0,0x00000000dac00000)
  to   space 5120K, 0% used [0x00000000da200000,0x00000000da200000,0x00000000da700000)
 ParOldGen       total 86016K, used 4343K [0x0000000082600000, 0x0000000087a00000, 0x00000000d6200000)
  object space 86016K, 5% used [0x0000000082600000,0x0000000082a3de50,0x0000000087a00000)
 Metaspace       used 20637K, capacity 21202K, committed 21248K, reserved 1067008K
  class space    used 2621K, capacity 2785K, committed 2816K, reserved 1048576K
Event: 1.903 GC heap after
Heap after GC invocations=5 (full 0):
 PSYoungGen      total 70656K, used 5106K [0x00000000d6200000, 0x00000000df300000, 0x0000000100000000)
  eden space 65536K, 0% used [0x00000000d6200000,0x00000000d6200000,0x00000000da200000)
  from space 5120K, 99% used [0x00000000da200000,0x00000000da6fcb78,0x00000000da700000)
  to   space 8704K, 0% used [0x00000000dea80000,0x00000000dea80000,0x00000000df300000)
 ParOldGen       total 86016K, used 5538K [0x0000000082600000, 0x0000000087a00000, 0x00000000d6200000)
  object space 86016K, 6% used [0x0000000082600000,0x0000000082b68bc0,0x0000000087a00000)
 Metaspace       used 20637K, capacity 21202K, committed 21248K, reserved 1067008K
  class space    used 2621K, capacity 2785K, committed 2816K, reserved 1048576K
}
Event: 1.903 GC heap before
{Heap before GC invocations=6 (full 1):
 PSYoungGen      total 70656K, used 5106K [0x00000000d6200000, 0x00000000df300000, 0x0000000100000000)
  eden space 65536K, 0% used [0x00000000d6200000,0x00000000d6200000,0x00000000da200000)
  from space 5120K, 99% used [0x00000000da200000,0x00000000da6fcb78,0x00000000da700000)
  to   space 8704K, 0% used [0x00000000dea80000,0x00000000dea80000,0x00000000df300000)
 ParOldGen       total 86016K, used 5538K [0x0000000082600000, 0x0000000087a00000, 0x00000000d6200000)
  object space 86016K, 6% used [0x0000000082600000,0x0000000082b68bc0,0x0000000087a00000)
 Metaspace       used 20637K, capacity 21202K, committed 21248K, reserved 1067008K
  class space    used 2621K, capacity 2785K, committed 2816K, reserved 1048576K
Event: 1.931 GC heap after
Heap after GC invocations=6 (full 1):
 PSYoungGen      total 70656K, used 0K [0x00000000d6200000, 0x00000000df300000, 0x0000000100000000)
  eden space 65536K, 0% used [0x00000000d6200000,0x00000000d6200000,0x00000000da200000)
  from space 5120K, 0% used [0x00000000da200000,0x00000000da200000,0x00000000da700000)
  to   space 8704K, 0% used [0x00000000dea80000,0x00000000dea80000,0x00000000df300000)
 ParOldGen       total 54272K, used 6350K [0x0000000082600000, 0x0000000085b00000, 0x00000000d6200000)
  object space 54272K, 11% used [0x0000000082600000,0x0000000082c33ad0,0x0000000085b00000)
 Metaspace       used 20635K, capacity 21196K, committed 21248K, reserved 1067008K
  class space    used 2621K, capacity 2784K, committed 2816K, reserved 1048576K
}
Event: 3.310 GC heap before
{Heap before GC invocations=7 (full 1):
 PSYoungGen      total 70656K, used 65536K [0x00000000d6200000, 0x00000000df300000, 0x0000000100000000)
  eden space 65536K, 100% used [0x00000000d6200000,0x00000000da200000,0x00000000da200000)
  from space 5120K, 0% used [0x00000000da200000,0x00000000da200000,0x00000000da700000)
  to   space 8704K, 0% used [0x00000000dea80000,0x00000000dea80000,0x00000000df300000)
 ParOldGen       total 54272K, used 6350K [0x0000000082600000, 0x0000000085b00000, 0x00000000d6200000)
  object space 54272K, 11% used [0x0000000082600000,0x0000000082c33ad0,0x0000000085b00000)
 Metaspace       used 24879K, capacity 25720K, committed 25984K, reserved 1071104K
  class space    used 3216K, capacity 3418K, committed 3456K, reserved 1048576K
Event: 3.314 GC heap after
Heap after GC invocations=7 (full 1):
 PSYoungGen      total 108032K, used 5028K [0x00000000d6200000, 0x00000000def80000, 0x0000000100000000)
  eden space 102912K, 0% used [0x00000000d6200000,0x00000000d6200000,0x00000000dc680000)
  from space 5120K, 98% used [0x00000000dea80000,0x00000000def69030,0x00000000def80000)
  to   space 8704K, 0% used [0x00000000dde80000,0x00000000dde80000,0x00000000de700000)
 ParOldGen       total 54272K, used 6358K [0x0000000082600000, 0x0000000085b00000, 0x00000000d6200000)
  object space 54272K, 11% used [0x0000000082600000,0x0000000082c35ad0,0x0000000085b00000)
 Metaspace       used 24879K, capacity 25720K, committed 25984K, reserved 1071104K
  class space    used 3216K, capacity 3418K, committed 3456K, reserved 1048576K
}
Event: 3.776 GC heap before
{Heap before GC invocations=8 (full 1):
 PSYoungGen      total 108032K, used 107940K [0x00000000d6200000, 0x00000000def80000, 0x0000000100000000)
  eden space 102912K, 100% used [0x00000000d6200000,0x00000000dc680000,0x00000000dc680000)
  from space 5120K, 98% used [0x00000000dea80000,0x00000000def69030,0x00000000def80000)
  to   space 8704K, 0% used [0x00000000dde80000,0x00000000dde80000,0x00000000de700000)
 ParOldGen       total 54272K, used 6358K [0x0000000082600000, 0x0000000085b00000, 0x00000000d6200000)
  object space 54272K, 11% used [0x0000000082600000,0x0000000082c35ad0,0x0000000085b00000)
 Metaspace       used 26992K, capacity 27936K, committed 28160K, reserved 1073152K
  class space    used 3485K, capacity 3716K, committed 3840K, reserved 1048576K
Event: 3.782 GC heap after
Heap after GC invocations=8 (full 1):
 PSYoungGen      total 136192K, used 6420K [0x00000000d6200000, 0x00000000e0f80000, 0x0000000100000000)
  eden space 127488K, 0% used [0x00000000d6200000,0x00000000d6200000,0x00000000dde80000)
  from space 8704K, 73% used [0x00000000dde80000,0x00000000de4c53a8,0x00000000de700000)
  to   space 8704K, 0% used [0x00000000e0700000,0x00000000e0700000,0x00000000e0f80000)
 ParOldGen       total 54272K, used 6366K [0x0000000082600000, 0x0000000085b00000, 0x00000000d6200000)
  object space 54272K, 11% used [0x0000000082600000,0x0000000082c37ad0,0x0000000085b00000)
 Metaspace       used 26992K, capacity 27936K, committed 28160K, reserved 1073152K
  class space    used 3485K, capacity 3716K, committed 3840K, reserved 1048576K
}
Event: 4.796 GC heap before
{Heap before GC invocations=9 (full 1):
 PSYoungGen      total 136192K, used 133908K [0x00000000d6200000, 0x00000000e0f80000, 0x0000000100000000)
  eden space 127488K, 100% used [0x00000000d6200000,0x00000000dde80000,0x00000000dde80000)
  from space 8704K, 73% used [0x00000000dde80000,0x00000000de4c53a8,0x00000000de700000)
  to   space 8704K, 0% used [0x00000000e0700000,0x00000000e0700000,0x00000000e0f80000)
 ParOldGen       total 54272K, used 6366K [0x0000000082600000, 0x0000000085b00000, 0x00000000d6200000)
  object space 54272K, 11% used [0x0000000082600000,0x0000000082c37ad0,0x0000000085b00000)
 Metaspace       used 32595K, capacity 34198K, committed 34304K, reserved 1079296K
  class space    used 4249K, capacity 4557K, committed 4608K, reserved 1048576K
Event: 4.808 GC heap after
Heap after GC invocations=9 (full 1):
 PSYoungGen      total 166400K, used 8692K [0x00000000d6200000, 0x00000000e3600000, 0x0000000100000000)
  eden space 157696K, 0% used [0x00000000d6200000,0x00000000d6200000,0x00000000dfc00000)
  from space 8704K, 99% used [0x00000000e0700000,0x00000000e0f7d348,0x00000000e0f80000)
  to   space 11264K, 0% used [0x00000000dfc00000,0x00000000dfc00000,0x00000000e0700000)
 ParOldGen       total 54272K, used 10294K [0x0000000082600000, 0x0000000085b00000, 0x00000000d6200000)
  object space 54272K, 18% used [0x0000000082600000,0x000000008300d8d0,0x0000000085b00000)
 Metaspace       used 32595K, capacity 34198K, committed 34304K, reserved 1079296K
  class space    used 4249K, capacity 4557K, committed 4608K, reserved 1048576K
}

