# JRE version: Java(TM) SE Runtime Environment (8.0_241-b07) (build 1.8.0_241-b07)
# Java VM: Java HotSpot(TM) 64-Bit Server VM (25.241-b07 mixed mode windows-amd64 compressed oops)
Heap:
 PSYoungGen      total 228864K, used 30925K [0x00000000d6200000, 0x00000000e7580000, 0x0000000100000000)
  eden space 211456K, 7% used [0x00000000d6200000,0x00000000d7212430,0x00000000e3080000)
  from space 17408K, 83% used [0x00000000e3080000,0x00000000e3ea1190,0x00000000e4180000)
  to   space 18944K, 0% used [0x00000000e6300000,0x00000000e6300000,0x00000000e7580000)
 ParOldGen       total 140288K, used 28179K [0x0000000082600000, 0x000000008af00000, 0x00000000d6200000)
  object space 140288K, 20% used [0x0000000082600000,0x0000000084184ef8,0x000000008af00000)
 Metaspace       used 69418K, capacity 72486K, committed 72792K, reserved 1112064K
  class space    used 9238K, capacity 9748K, committed 9856K, reserved 1048576K
GC Heap History (10 events):
Event: 7.139 GC heap before
{Heap before GC invocations=12 (full 2):
 PSYoungGen      total 148480K, used 137728K [0x00000000d6200000, 0x00000000e2300000, 0x0000000100000000)
  eden space 137728K, 100% used [0x00000000d6200000,0x00000000de880000,0x00000000de880000)
  from space 10752K, 0% used [0x00000000de880000,0x00000000de880000,0x00000000df300000)
  to   space 12800K, 0% used [0x00000000e1680000,0x00000000e1680000,0x00000000e2300000)
 ParOldGen       total 96256K, used 16995K [0x0000000082600000, 0x0000000088400000, 0x00000000d6200000)
  object space 96256K, 17% used [0x0000000082600000,0x0000000083698f30,0x0000000088400000)
 Metaspace       used 42264K, capacity 44020K, committed 44376K, reserved 1087488K
  class space    used 5350K, capacity 5682K, committed 5760K, reserved 1048576K
Event: 7.148 GC heap after
Heap after GC invocations=12 (full 2):
 PSYoungGen      total 183808K, used 11130K [0x00000000d6200000, 0x00000000e2300000, 0x0000000100000000)
  eden space 171008K, 0% used [0x00000000d6200000,0x00000000d6200000,0x00000000e0900000)
  from space 12800K, 86% used [0x00000000e1680000,0x00000000e215e940,0x00000000e2300000)
  to   space 13312K, 0% used [0x00000000e0900000,0x00000000e0900000,0x00000000e1600000)
 ParOldGen       total 96256K, used 17003K [0x0000000082600000, 0x0000000088400000, 0x00000000d6200000)
  object space 96256K, 17% used [0x0000000082600000,0x000000008369af30,0x0000000088400000)
 Metaspace       used 42264K, capacity 44020K, committed 44376K, reserved 1087488K
  class space    used 5350K, capacity 5682K, committed 5760K, reserved 1048576K
}
Event: 8.338 GC heap before
{Heap before GC invocations=13 (full 2):
 PSYoungGen      total 183808K, used 182138K [0x00000000d6200000, 0x00000000e2300000, 0x0000000100000000)
  eden space 171008K, 100% used [0x00000000d6200000,0x00000000e0900000,0x00000000e0900000)
  from space 12800K, 86% used [0x00000000e1680000,0x00000000e215e940,0x00000000e2300000)
  to   space 13312K, 0% used [0x00000000e0900000,0x00000000e0900000,0x00000000e1600000)
 ParOldGen       total 96256K, used 17003K [0x0000000082600000, 0x0000000088400000, 0x00000000d6200000)
  object space 96256K, 17% used [0x0000000082600000,0x000000008369af30,0x0000000088400000)
 Metaspace       used 53650K, capacity 55588K, committed 56024K, reserved 1097728K
  class space    used 7207K, capacity 7564K, committed 7680K, reserved 1048576K
Event: 8.351 GC heap after
Heap after GC invocations=13 (full 2):
 PSYoungGen      total 184320K, used 13290K [0x00000000d6200000, 0x00000000e5200000, 0x0000000100000000)
  eden space 171008K, 0% used [0x00000000d6200000,0x00000000d6200000,0x00000000e0900000)
  from space 13312K, 99% used [0x00000000e0900000,0x00000000e15fa870,0x00000000e1600000)
  to   space 16896K, 0% used [0x00000000e4180000,0x00000000e4180000,0x00000000e5200000)
 ParOldGen       total 96256K, used 22213K [0x0000000082600000, 0x0000000088400000, 0x00000000d6200000)
  object space 96256K, 23% used [0x0000000082600000,0x0000000083bb17f8,0x0000000088400000)
 Metaspace       used 53650K, capacity 55588K, committed 56024K, reserved 1097728K
  class space    used 7207K, capacity 7564K, committed 7680K, reserved 1048576K
}
Event: 8.857 GC heap before
{Heap before GC invocations=14 (full 2):
 PSYoungGen      total 184320K, used 69324K [0x00000000d6200000, 0x00000000e5200000, 0x0000000100000000)
  eden space 171008K, 32% used [0x00000000d6200000,0x00000000d98b87c0,0x00000000e0900000)
  from space 13312K, 99% used [0x00000000e0900000,0x00000000e15fa870,0x00000000e1600000)
  to   space 16896K, 0% used [0x00000000e4180000,0x00000000e4180000,0x00000000e5200000)
 ParOldGen       total 96256K, used 22213K [0x0000000082600000, 0x0000000088400000, 0x00000000d6200000)
  object space 96256K, 23% used [0x0000000082600000,0x0000000083bb17f8,0x0000000088400000)
 Metaspace       used 56763K, capacity 58780K, committed 58968K, reserved 1099776K
  class space    used 7628K, capacity 7990K, committed 8064K, reserved 1048576K
Event: 8.865 GC heap after
Heap after GC invocations=14 (full 2):
 PSYoungGen      total 228352K, used 12479K [0x00000000d6200000, 0x00000000e5500000, 0x0000000100000000)
  eden space 211456K, 0% used [0x00000000d6200000,0x00000000d6200000,0x00000000e3080000)
  from space 16896K, 73% used [0x00000000e4180000,0x00000000e4daffd8,0x00000000e5200000)
  to   space 17408K, 0% used [0x00000000e3080000,0x00000000e3080000,0x00000000e4180000)
 ParOldGen       total 96256K, used 22221K [0x0000000082600000, 0x0000000088400000, 0x00000000d6200000)
  object space 96256K, 23% used [0x0000000082600000,0x0000000083bb37f8,0x0000000088400000)
 Metaspace       used 56763K, capacity 58780K, committed 58968K, reserved 1099776K
  class space    used 7628K, capacity 7990K, committed 8064K, reserved 1048576K
}
Event: 8.865 GC heap before
{Heap before GC invocations=15 (full 3):
 PSYoungGen      total 228352K, used 12479K [0x00000000d6200000, 0x00000000e5500000, 0x0000000100000000)
  eden space 211456K, 0% used [0x00000000d6200000,0x00000000d6200000,0x00000000e3080000)
  from space 16896K, 73% used [0x00000000e4180000,0x00000000e4daffd8,0x00000000e5200000)
  to   space 17408K, 0% used [0x00000000e3080000,0x00000000e3080000,0x00000000e4180000)
 ParOldGen       total 96256K, used 22221K [0x0000000082600000, 0x0000000088400000, 0x00000000d6200000)
  object space 96256K, 23% used [0x0000000082600000,0x0000000083bb37f8,0x0000000088400000)
 Metaspace       used 56763K, capacity 58780K, committed 58968K, reserved 1099776K
  class space    used 7628K, capacity 7990K, committed 8064K, reserved 1048576K
Event: 9.034 GC heap after
Heap after GC invocations=15 (full 3):
 PSYoungGen      total 228352K, used 0K [0x00000000d6200000, 0x00000000e5500000, 0x0000000100000000)
  eden space 211456K, 0% used [0x00000000d6200000,0x00000000d6200000,0x00000000e3080000)
  from space 16896K, 0% used [0x00000000e4180000,0x00000000e4180000,0x00000000e5200000)
  to   space 17408K, 0% used [0x00000000e3080000,0x00000000e3080000,0x00000000e4180000)
 ParOldGen       total 140288K, used 28171K [0x0000000082600000, 0x000000008af00000, 0x00000000d6200000)
  object space 140288K, 20% used [0x0000000082600000,0x0000000084182ef8,0x000000008af00000)
 Metaspace       used 56763K, capacity 58780K, committed 58968K, reserved 1099776K
  class space    used 7628K, capacity 7990K, committed 8064K, reserved 1048576K
}
Event: 19.411 GC heap before
{Heap before GC invocations=16 (full 3):
 PSYoungGen      total 228352K, used 211456K [0x00000000d6200000, 0x00000000e5500000, 0x0000000100000000)
  eden space 211456K, 100% used [0x00000000d6200000,0x00000000e3080000,0x00000000e3080000)
  from space 16896K, 0% used [0x00000000e4180000,0x00000000e4180000,0x00000000e5200000)
  to   space 17408K, 0% used [0x00000000e3080000,0x00000000e3080000,0x00000000e4180000)
 ParOldGen       total 140288K, used 28171K [0x0000000082600000, 0x000000008af00000, 0x00000000d6200000)
  object space 140288K, 20% used [0x0000000082600000,0x0000000084182ef8,0x000000008af00000)
 Metaspace       used 67876K, capacity 70950K, committed 71000K, reserved 1110016K
  class space    used 9062K, capacity 9582K, committed 9600K, reserved 1048576K
Event: 19.423 GC heap after
Heap after GC invocations=16 (full 3):
 PSYoungGen      total 228864K, used 14468K [0x00000000d6200000, 0x00000000e7580000, 0x0000000100000000)
  eden space 211456K, 0% used [0x00000000d6200000,0x00000000d6200000,0x00000000e3080000)
  from space 17408K, 83% used [0x00000000e3080000,0x00000000e3ea1190,0x00000000e4180000)
  to   space 18944K, 0% used [0x00000000e6300000,0x00000000e6300000,0x00000000e7580000)
 ParOldGen       total 140288K, used 28179K [0x0000000082600000, 0x000000008af00000, 0x00000000d6200000)
  object space 140288K, 20% used [0x0000000082600000,0x0000000084184ef8,0x000000008af00000)
 Metaspace       used 67876K, capacity 70950K, committed 71000K, reserved 1110016K
  class space    used 9062K, capacity 9582K, committed 9600K, reserved 1048576K
}

