# JRE version: Java(TM) SE Runtime Environment (8.0_241-b07) (build 1.8.0_241-b07)
# Java VM: Java HotSpot(TM) 64-Bit Server VM (25.241-b07 mixed mode windows-amd64 compressed oops)
Heap:
 PSYoungGen      total 265728K, used 189118K [0x00000000d6200000, 0x00000000e8900000, 0x0000000100000000)
  eden space 248320K, 76% used [0x00000000d6200000,0x00000000e1aafbe0,0x00000000e5480000)
  from space 17408K, 0% used [0x00000000e6580000,0x00000000e6580000,0x00000000e7680000)
  to   space 17408K, 0% used [0x00000000e5480000,0x00000000e5480000,0x00000000e6580000)
 ParOldGen       total 126464K, used 26878K [0x0000000082600000, 0x000000008a180000, 0x00000000d6200000)
  object space 126464K, 21% used [0x0000000082600000,0x000000008403fa98,0x000000008a180000)
 Metaspace       used 65555K, capacity 68460K, committed 68696K, reserved 1107968K
  class space    used 8761K, capacity 9229K, committed 9344K, reserved 1048576K
GC Heap History (10 events):
Event: 5.597 GC heap before
{Heap before GC invocations=11 (full 2):
 PSYoungGen      total 166400K, used 10390K [0x00000000d6200000, 0x00000000e3d00000, 0x0000000100000000)
  eden space 155136K, 0% used [0x00000000d6200000,0x00000000d6200000,0x00000000df980000)
  from space 11264K, 92% used [0x00000000df980000,0x00000000e03a5b90,0x00000000e0480000)
  to   space 12288K, 0% used [0x00000000e3100000,0x00000000e3100000,0x00000000e3d00000)
 ParOldGen       total 54272K, used 12222K [0x0000000082600000, 0x0000000085b00000, 0x00000000d6200000)
  object space 54272K, 22% used [0x0000000082600000,0x00000000831ef850,0x0000000085b00000)
 Metaspace       used 33756K, capacity 35342K, committed 35416K, reserved 1079296K
  class space    used 4402K, capacity 4685K, committed 4736K, reserved 1048576K
Event: 5.653 GC heap after
Heap after GC invocations=11 (full 2):
 PSYoungGen      total 166400K, used 0K [0x00000000d6200000, 0x00000000e3d00000, 0x0000000100000000)
  eden space 155136K, 0% used [0x00000000d6200000,0x00000000d6200000,0x00000000df980000)
  from space 11264K, 0% used [0x00000000df980000,0x00000000df980000,0x00000000e0480000)
  to   space 12288K, 0% used [0x00000000e3100000,0x00000000e3100000,0x00000000e3d00000)
 ParOldGen       total 89600K, used 17038K [0x0000000082600000, 0x0000000087d80000, 0x00000000d6200000)
  object space 89600K, 19% used [0x0000000082600000,0x00000000836a3878,0x0000000087d80000)
 Metaspace       used 33756K, capacity 35342K, committed 35416K, reserved 1079296K
  class space    used 4402K, capacity 4685K, committed 4736K, reserved 1048576K
}
Event: 7.187 GC heap before
{Heap before GC invocations=12 (full 2):
 PSYoungGen      total 166400K, used 155136K [0x00000000d6200000, 0x00000000e3d00000, 0x0000000100000000)
  eden space 155136K, 100% used [0x00000000d6200000,0x00000000df980000,0x00000000df980000)
  from space 11264K, 0% used [0x00000000df980000,0x00000000df980000,0x00000000e0480000)
  to   space 12288K, 0% used [0x00000000e3100000,0x00000000e3100000,0x00000000e3d00000)
 ParOldGen       total 89600K, used 17038K [0x0000000082600000, 0x0000000087d80000, 0x00000000d6200000)
  object space 89600K, 19% used [0x0000000082600000,0x00000000836a3878,0x0000000087d80000)
 Metaspace       used 43660K, capacity 45410K, committed 45656K, reserved 1089536K
  class space    used 5563K, capacity 5909K, committed 6016K, reserved 1048576K
Event: 7.196 GC heap after
Heap after GC invocations=12 (full 2):
 PSYoungGen      total 208896K, used 12266K [0x00000000d6200000, 0x00000000e3d00000, 0x0000000100000000)
  eden space 196608K, 0% used [0x00000000d6200000,0x00000000d6200000,0x00000000e2200000)
  from space 12288K, 99% used [0x00000000e3100000,0x00000000e3cfa800,0x00000000e3d00000)
  to   space 13824K, 0% used [0x00000000e2200000,0x00000000e2200000,0x00000000e2f80000)
 ParOldGen       total 89600K, used 17071K [0x0000000082600000, 0x0000000087d80000, 0x00000000d6200000)
  object space 89600K, 19% used [0x0000000082600000,0x00000000836abf00,0x0000000087d80000)
 Metaspace       used 43660K, capacity 45410K, committed 45656K, reserved 1089536K
  class space    used 5563K, capacity 5909K, committed 6016K, reserved 1048576K
}
Event: 8.628 GC heap before
{Heap before GC invocations=13 (full 2):
 PSYoungGen      total 208896K, used 208874K [0x00000000d6200000, 0x00000000e3d00000, 0x0000000100000000)
  eden space 196608K, 100% used [0x00000000d6200000,0x00000000e2200000,0x00000000e2200000)
  from space 12288K, 99% used [0x00000000e3100000,0x00000000e3cfa800,0x00000000e3d00000)
  to   space 13824K, 0% used [0x00000000e2200000,0x00000000e2200000,0x00000000e2f80000)
 ParOldGen       total 89600K, used 17071K [0x0000000082600000, 0x0000000087d80000, 0x00000000d6200000)
  object space 89600K, 19% used [0x0000000082600000,0x00000000836abf00,0x0000000087d80000)
 Metaspace       used 55493K, capacity 57446K, committed 57816K, reserved 1099776K
  class space    used 7472K, capacity 7837K, committed 7936K, reserved 1048576K
Event: 8.645 GC heap after
Heap after GC invocations=13 (full 2):
 PSYoungGen      total 210432K, used 13800K [0x00000000d6200000, 0x00000000e7680000, 0x0000000100000000)
  eden space 196608K, 0% used [0x00000000d6200000,0x00000000d6200000,0x00000000e2200000)
  from space 13824K, 99% used [0x00000000e2200000,0x00000000e2f7a1c8,0x00000000e2f80000)
  to   space 17408K, 0% used [0x00000000e6580000,0x00000000e6580000,0x00000000e7680000)
 ParOldGen       total 89600K, used 22931K [0x0000000082600000, 0x0000000087d80000, 0x00000000d6200000)
  object space 89600K, 25% used [0x0000000082600000,0x0000000083c64f90,0x0000000087d80000)
 Metaspace       used 55493K, capacity 57446K, committed 57816K, reserved 1099776K
  class space    used 7472K, capacity 7837K, committed 7936K, reserved 1048576K
}
Event: 8.788 GC heap before
{Heap before GC invocations=14 (full 2):
 PSYoungGen      total 210432K, used 31737K [0x00000000d6200000, 0x00000000e7680000, 0x0000000100000000)
  eden space 196608K, 9% used [0x00000000d6200000,0x00000000d73845a8,0x00000000e2200000)
  from space 13824K, 99% used [0x00000000e2200000,0x00000000e2f7a1c8,0x00000000e2f80000)
  to   space 17408K, 0% used [0x00000000e6580000,0x00000000e6580000,0x00000000e7680000)
 ParOldGen       total 89600K, used 22931K [0x0000000082600000, 0x0000000087d80000, 0x00000000d6200000)
  object space 89600K, 25% used [0x0000000082600000,0x0000000083c64f90,0x0000000087d80000)
 Metaspace       used 56885K, capacity 58982K, committed 59028K, reserved 1099776K
  class space    used 7651K, capacity 8019K, committed 8064K, reserved 1048576K
Event: 8.797 GC heap after
Heap after GC invocations=14 (full 2):
 PSYoungGen      total 265728K, used 5150K [0x00000000d6200000, 0x00000000e8900000, 0x0000000100000000)
  eden space 248320K, 0% used [0x00000000d6200000,0x00000000d6200000,0x00000000e5480000)
  from space 17408K, 29% used [0x00000000e6580000,0x00000000e6a87980,0x00000000e7680000)
  to   space 17408K, 0% used [0x00000000e5480000,0x00000000e5480000,0x00000000e6580000)
 ParOldGen       total 89600K, used 28792K [0x0000000082600000, 0x0000000087d80000, 0x00000000d6200000)
  object space 89600K, 32% used [0x0000000082600000,0x000000008421e018,0x0000000087d80000)
 Metaspace       used 56885K, capacity 58982K, committed 59028K, reserved 1099776K
  class space    used 7651K, capacity 8019K, committed 8064K, reserved 1048576K
}
Event: 8.797 GC heap before
{Heap before GC invocations=15 (full 3):
 PSYoungGen      total 265728K, used 5150K [0x00000000d6200000, 0x00000000e8900000, 0x0000000100000000)
  eden space 248320K, 0% used [0x00000000d6200000,0x00000000d6200000,0x00000000e5480000)
  from space 17408K, 29% used [0x00000000e6580000,0x00000000e6a87980,0x00000000e7680000)
  to   space 17408K, 0% used [0x00000000e5480000,0x00000000e5480000,0x00000000e6580000)
 ParOldGen       total 89600K, used 28792K [0x0000000082600000, 0x0000000087d80000, 0x00000000d6200000)
  object space 89600K, 32% used [0x0000000082600000,0x000000008421e018,0x0000000087d80000)
 Metaspace       used 56885K, capacity 58982K, committed 59028K, reserved 1099776K
  class space    used 7651K, capacity 8019K, committed 8064K, reserved 1048576K
Event: 9.008 GC heap after
Heap after GC invocations=15 (full 3):
 PSYoungGen      total 265728K, used 0K [0x00000000d6200000, 0x00000000e8900000, 0x0000000100000000)
  eden space 248320K, 0% used [0x00000000d6200000,0x00000000d6200000,0x00000000e5480000)
  from space 17408K, 0% used [0x00000000e6580000,0x00000000e6580000,0x00000000e7680000)
  to   space 17408K, 0% used [0x00000000e5480000,0x00000000e5480000,0x00000000e6580000)
 ParOldGen       total 126464K, used 26878K [0x0000000082600000, 0x000000008a180000, 0x00000000d6200000)
  object space 126464K, 21% used [0x0000000082600000,0x000000008403fa98,0x000000008a180000)
 Metaspace       used 56885K, capacity 58982K, committed 59028K, reserved 1099776K
  class space    used 7651K, capacity 8019K, committed 8064K, reserved 1048576K
}

