# JRE version: Java(TM) SE Runtime Environment (8.0_261-b12) (build 1.8.0_261-b12)
# Java VM: Java HotSpot(TM) 64-Bit Server VM (25.261-b12 mixed mode windows-amd64 compressed oops)
Heap:
 PSYoungGen      total 267776K, used 161493K [0x00000000dbb80000, 0x00000000f0680000, 0x0000000100000000)
  eden space 241664K, 66% used [0x00000000dbb80000,0x00000000e5935790,0x00000000ea780000)
  from space 26112K, 0% used [0x00000000ec400000,0x00000000ec400000,0x00000000edd80000)
  to   space 29184K, 0% used [0x00000000ea780000,0x00000000ea780000,0x00000000ec400000)
 ParOldGen       total 301056K, used 153055K [0x0000000093200000, 0x00000000a5800000, 0x00000000dbb80000)
  object space 301056K, 50% used [0x0000000093200000,0x000000009c777d58,0x00000000a5800000)
 Metaspace       used 55842K, capacity 59508K, committed 59816K, reserved 1099776K
  class space    used 7683K, capacity 8532K, committed 8624K, reserved 1048576K
GC Heap History (10 events):
Event: 12.279 GC heap before
{Heap before GC invocations=13 (full 2):
 PSYoungGen      total 144896K, used 1521K [0x00000000dbb80000, 0x00000000e8880000, 0x0000000100000000)
  eden space 134656K, 0% used [0x00000000dbb80000,0x00000000dbb80000,0x00000000e3f00000)
  from space 10240K, 14% used [0x00000000e3f00000,0x00000000e407c780,0x00000000e4900000)
  to   space 10240K, 0% used [0x00000000e7e80000,0x00000000e7e80000,0x00000000e8880000)
 ParOldGen       total 45056K, used 14391K [0x0000000093200000, 0x0000000095e00000, 0x00000000dbb80000)
  object space 45056K, 31% used [0x0000000093200000,0x000000009400dfa0,0x0000000095e00000)
 Metaspace       used 33532K, capacity 35276K, committed 35496K, reserved 1079296K
  class space    used 4419K, capacity 4758K, committed 4784K, reserved 1048576K
Event: 12.380 GC heap after
Heap after GC invocations=13 (full 2):
 PSYoungGen      total 144896K, used 0K [0x00000000dbb80000, 0x00000000e8880000, 0x0000000100000000)
  eden space 134656K, 0% used [0x00000000dbb80000,0x00000000dbb80000,0x00000000e3f00000)
  from space 10240K, 0% used [0x00000000e3f00000,0x00000000e3f00000,0x00000000e4900000)
  to   space 10240K, 0% used [0x00000000e7e80000,0x00000000e7e80000,0x00000000e8880000)
 ParOldGen       total 67584K, used 12992K [0x0000000093200000, 0x0000000097400000, 0x00000000dbb80000)
  object space 67584K, 19% used [0x0000000093200000,0x0000000093eb02d8,0x0000000097400000)
 Metaspace       used 33532K, capacity 35276K, committed 35496K, reserved 1079296K
  class space    used 4419K, capacity 4758K, committed 4784K, reserved 1048576K
}
Event: 18.951 GC heap before
{Heap before GC invocations=14 (full 2):
 PSYoungGen      total 144896K, used 134656K [0x00000000dbb80000, 0x00000000e8880000, 0x0000000100000000)
  eden space 134656K, 100% used [0x00000000dbb80000,0x00000000e3f00000,0x00000000e3f00000)
  from space 10240K, 0% used [0x00000000e3f00000,0x00000000e3f00000,0x00000000e4900000)
  to   space 10240K, 0% used [0x00000000e7e80000,0x00000000e7e80000,0x00000000e8880000)
 ParOldGen       total 67584K, used 12992K [0x0000000093200000, 0x0000000097400000, 0x00000000dbb80000)
  object space 67584K, 19% used [0x0000000093200000,0x0000000093eb02d8,0x0000000097400000)
 Metaspace       used 42311K, capacity 44712K, committed 44840K, reserved 1087488K
  class space    used 5570K, capacity 6114K, committed 6192K, reserved 1048576K
Event: 18.983 GC heap after
Heap after GC invocations=14 (full 2):
 PSYoungGen      total 188416K, used 9708K [0x00000000dbb80000, 0x00000000e8800000, 0x0000000100000000)
  eden space 178688K, 0% used [0x00000000dbb80000,0x00000000dbb80000,0x00000000e6a00000)
  from space 9728K, 99% used [0x00000000e7e80000,0x00000000e87fb318,0x00000000e8800000)
  to   space 11264K, 0% used [0x00000000e7200000,0x00000000e7200000,0x00000000e7d00000)
 ParOldGen       total 67584K, used 13000K [0x0000000093200000, 0x0000000097400000, 0x00000000dbb80000)
  object space 67584K, 19% used [0x0000000093200000,0x0000000093eb22d8,0x0000000097400000)
 Metaspace       used 42311K, capacity 44712K, committed 44840K, reserved 1087488K
  class space    used 5570K, capacity 6114K, committed 6192K, reserved 1048576K
}
Event: 23.725 GC heap before
{Heap before GC invocations=15 (full 2):
 PSYoungGen      total 188416K, used 188396K [0x00000000dbb80000, 0x00000000e8800000, 0x0000000100000000)
  eden space 178688K, 100% used [0x00000000dbb80000,0x00000000e6a00000,0x00000000e6a00000)
  from space 9728K, 99% used [0x00000000e7e80000,0x00000000e87fb318,0x00000000e8800000)
  to   space 11264K, 0% used [0x00000000e7200000,0x00000000e7200000,0x00000000e7d00000)
 ParOldGen       total 67584K, used 13000K [0x0000000093200000, 0x0000000097400000, 0x00000000dbb80000)
  object space 67584K, 19% used [0x0000000093200000,0x0000000093eb22d8,0x0000000097400000)
 Metaspace       used 51829K, capacity 54612K, committed 54824K, reserved 1095680K
  class space    used 7005K, capacity 7710K, committed 7728K, reserved 1048576K
Event: 23.871 GC heap after
Heap after GC invocations=15 (full 2):
 PSYoungGen      total 198144K, used 11240K [0x00000000dbb80000, 0x00000000edd80000, 0x0000000100000000)
  eden space 186880K, 0% used [0x00000000dbb80000,0x00000000dbb80000,0x00000000e7200000)
  from space 11264K, 99% used [0x00000000e7200000,0x00000000e7cfa110,0x00000000e7d00000)
  to   space 26112K, 0% used [0x00000000ec400000,0x00000000ec400000,0x00000000edd80000)
 ParOldGen       total 67584K, used 49015K [0x0000000093200000, 0x0000000097400000, 0x00000000dbb80000)
  object space 67584K, 72% used [0x0000000093200000,0x00000000961ddc60,0x0000000097400000)
 Metaspace       used 51829K, capacity 54612K, committed 54824K, reserved 1095680K
  class space    used 7005K, capacity 7710K, committed 7728K, reserved 1048576K
}
Event: 25.901 GC heap before
{Heap before GC invocations=16 (full 2):
 PSYoungGen      total 198144K, used 198120K [0x00000000dbb80000, 0x00000000edd80000, 0x0000000100000000)
  eden space 186880K, 100% used [0x00000000dbb80000,0x00000000e7200000,0x00000000e7200000)
  from space 11264K, 99% used [0x00000000e7200000,0x00000000e7cfa110,0x00000000e7d00000)
  to   space 26112K, 0% used [0x00000000ec400000,0x00000000ec400000,0x00000000edd80000)
 ParOldGen       total 67584K, used 49015K [0x0000000093200000, 0x0000000097400000, 0x00000000dbb80000)
  object space 67584K, 72% used [0x0000000093200000,0x00000000961ddc60,0x0000000097400000)
 Metaspace       used 53995K, capacity 57322K, committed 57512K, reserved 1097728K
  class space    used 7412K, capacity 8255K, committed 8368K, reserved 1048576K
Event: 26.327 GC heap after
Heap after GC invocations=16 (full 2):
 PSYoungGen      total 267776K, used 21552K [0x00000000dbb80000, 0x00000000f0680000, 0x0000000100000000)
  eden space 241664K, 0% used [0x00000000dbb80000,0x00000000dbb80000,0x00000000ea780000)
  from space 26112K, 82% used [0x00000000ec400000,0x00000000ed90c268,0x00000000edd80000)
  to   space 29184K, 0% used [0x00000000ea780000,0x00000000ea780000,0x00000000ec400000)
 ParOldGen       total 253440K, used 248236K [0x0000000093200000, 0x00000000a2980000, 0x00000000dbb80000)
  object space 253440K, 97% used [0x0000000093200000,0x00000000a246b360,0x00000000a2980000)
 Metaspace       used 53995K, capacity 57322K, committed 57512K, reserved 1097728K
  class space    used 7412K, capacity 8255K, committed 8368K, reserved 1048576K
}
Event: 26.333 GC heap before
{Heap before GC invocations=17 (full 3):
 PSYoungGen      total 267776K, used 21552K [0x00000000dbb80000, 0x00000000f0680000, 0x0000000100000000)
  eden space 241664K, 0% used [0x00000000dbb80000,0x00000000dbb80000,0x00000000ea780000)
  from space 26112K, 82% used [0x00000000ec400000,0x00000000ed90c268,0x00000000edd80000)
  to   space 29184K, 0% used [0x00000000ea780000,0x00000000ea780000,0x00000000ec400000)
 ParOldGen       total 253440K, used 248236K [0x0000000093200000, 0x00000000a2980000, 0x00000000dbb80000)
  object space 253440K, 97% used [0x0000000093200000,0x00000000a246b360,0x00000000a2980000)
 Metaspace       used 53995K, capacity 57322K, committed 57512K, reserved 1097728K
  class space    used 7412K, capacity 8255K, committed 8368K, reserved 1048576K
Event: 27.145 GC heap after
Heap after GC invocations=17 (full 3):
 PSYoungGen      total 267776K, used 0K [0x00000000dbb80000, 0x00000000f0680000, 0x0000000100000000)
  eden space 241664K, 0% used [0x00000000dbb80000,0x00000000dbb80000,0x00000000ea780000)
  from space 26112K, 0% used [0x00000000ec400000,0x00000000ec400000,0x00000000edd80000)
  to   space 29184K, 0% used [0x00000000ea780000,0x00000000ea780000,0x00000000ec400000)
 ParOldGen       total 301056K, used 153055K [0x0000000093200000, 0x00000000a5800000, 0x00000000dbb80000)
  object space 301056K, 50% used [0x0000000093200000,0x000000009c777d58,0x00000000a5800000)
 Metaspace       used 53995K, capacity 57322K, committed 57512K, reserved 1097728K
  class space    used 7412K, capacity 8255K, committed 8368K, reserved 1048576K
}

